tests//t2/t/Untitled Folder/Untitled Folder/Untitled Folder/Gt1.txt : [19, 18] ece first character found.
tests//t2/t/Untitled Folder/Untitled Folder/Untitled Folder/Gt1.txt : [30, 6] ece first character found.
tests//t2/t/Untitled Folder/Untitled Folder/Untitled Folder/Gt1.txt : [58, 2] ece first character found.
tests//t2/t/Untitled Folder/Untitled Folder/Untitled Folder/Gt1.txt : [59, 2] ece first character found.
tests//t2/t/Untitled Folder/Untitled Folder/Untitled Folder/Gt1.txt : [65, 12] ece first character found.
tests//t2/t/Untitled Folder/Untitled Folder/Untitled Folder/Gt1.txt : [82, 16] ece first character found.
tests//t2/t/Untitled Folder/Untitled Folder/Untitled Folder/Gt1.txt : [212, 6] ece first character found.
tests//t2/t/Untitled Folder/Untitled Folder/Untitled Folder/Gt1.txt : [215, 18] ece first character found.
tests//t2/t/Untitled Folder/Untitled Folder/Untitled Folder/Gt1.txt : [222, 20] ece first character found.
tests//t2/t/Untitled Folder/Untitled Folder/Untitled Folder/Gt1.txt : [236, 19] ece first character found.
tests//t2/t/Untitled Folder/Untitled Folder/Untitled Folder/Gt1.txt : [246, 10] ece first character found.
tests//t2/t/Untitled Folder/Untitled Folder/Untitled Folder/Gt1.txt : [315, 2] ece first character found.
tests//t2/t/Untitled Folder/Untitled Folder/Untitled Folder/Gt1.txt : [319, 27] ece first character found.
tests//t2/t/Untitled Folder/Untitled Folder/Untitled Folder/Gt1.txt : [330, 4] ece first character found.
tests//t2/t/Untitled Folder/Untitled Folder/Untitled Folder/Gt1.txt : [331, 44] ece first character found.
tests//t2/t/Untitled Folder/Untitled Folder/Untitled Folder/Gt1.txt : [335, 2] ece first character found.
tests//t2/t/Untitled Folder/Untitled Folder/Untitled Folder/Gt1.txt : [336, 38] ece first character found.
tests//t2/t/Untitled Folder/Untitled Folder/Untitled Folder/Gt1.txt : [340, 2] ece first character found.
tests//t2/t/Untitled Folder/Untitled Folder/Untitled Folder/Gt1.txt : [346, 35] ece first character found.
tests//t2/t/Untitled Folder/Untitled Folder/Untitled Folder/Gt1.txt : [350, 23] ece first character found.
tests//t2/t/Untitled Folder/Untitled Folder/Untitled Folder/Gt1.txt : [366, 19] ece first character found.
tests//t2/t/Untitled Folder/Untitled Folder/Untitled Folder/Gt1.txt : [692, 42] ece first character found.
tests//t2/t/Untitled Folder/Untitled Folder/Untitled Folder/Gt1.txt : [757, 48] ece first character found.
tests//t2/t/Untitled Folder/Untitled Folder/Untitled Folder/Gt1.txt : [766, 31] ece first character found.
tests//t2/t/Untitled Folder/Untitled Folder/Untitled Folder/Gt1.txt : [773, 17] ece first character found.
tests//t2/t/Untitled Folder/Untitled Folder/Untitled Folder/Gt1.txt : [780, 2] ece first character found.
tests//t2/t/Untitled Folder/Untitled Folder/Untitled Folder/Gt1.txt : [785, 24] ece first character found.
tests//t2/t/Untitled Folder/Untitled Folder/Untitled Folder/Gt1.txt : [848, 25] ece first character found.
tests//t2/t/Untitled Folder/Untitled Folder/Untitled Folder/Gt1.txt : [861, 28] ece first character found.
tests//t2/t/Untitled Folder/Untitled Folder/Untitled Folder/Gt1.txt : [882, 20] ece first character found.
tests//t2/t/Untitled Folder/Untitled Folder/Untitled Folder/Gt1.txt : [883, 41] ece first character found.
tests//t2/t/Untitled Folder/Untitled Folder/Untitled Folder/Gt1.txt : [914, 18] ece first character found.
tests//t2/t/Untitled Folder/Untitled Folder/Untitled Folder/Gt1.txt : [1036, 2] ece first character found.
tests//t2/t/Untitled Folder/Untitled Folder/Untitled Folder/Gt1.txt : [1088, 6] ece first character found.
tests//t2/t/Untitled Folder/Untitled Folder/Untitled Folder/Gt1.txt : [1121, 18] ece first character found.
tests//t2/t/Untitled Folder/Untitled Folder/Untitled Folder/Gt1.txt : [1132, 6] ece first character found.
tests//t2/t/Untitled Folder/Untitled Folder/Untitled Folder/Gt1.txt : [1160, 2] ece first character found.
tests//t2/t/Untitled Folder/Untitled Folder/Untitled Folder/Gt1.txt : [1161, 2] ece first character found.
tests//t2/t/Untitled Folder/Untitled Folder/tests//t3/t/Untitled Folder/Untitled Folder/Untitled Folder/Gt1.txt : [19, 18] ece first character found.
tests//t3/t/Untitled Folder/Untitled Folder/Untitled Folder/Gt1.txt : [30, 6] ece first character found.
tests//t3/t/Untitled Folder/Untitled Folder/Untitled Folder/Gt1.txt : [58, 2] ece first character found.
tests//t3/t/Untitled Folder/Untitled Folder/Untitled Folder/Gt1.txt : [59, 2] ece first character found.
tests//t3/t/Untitled Folder/Untitled Folder/Untitled Folder/Gt1.txt : [65, 12] ece first character found.
tests//t3/t/Untitled Folder/Untitled Folder/Untitled Folder/Gt1.txt : [82, 16] ece first character found.
tests//t3/t/Untitled Folder/Untitled Folder/Untitled Folder/Gt1.txt : [212, 6] ece first character found.
tests//t3/t/Untitled Folder/Untitled Folder/Untitled Folder/Gt1.txt : [215, 18] ece first character found.
tests//t3/t/Untitled Folder/Untitled Folder/Untitled Folder/Gt1.txt : [222, 20] ece first character found.
tests//t3/t/Untitled Folder/Untitled Folder/Untitled Folder/Gt1.txt : [236, 19] ece first character found.
tests//t3/t/Untitled Folder/Untitled Folder/Untitled Folder/Gt1.txt : [246, 10] ece first character found.
tests//t3/t/Untitled Folder/Untitled Folder/Untitled Folder/Gt1.txt : [315, 2] ece first character found.
tests//t3/t/Untitled Folder/Untitled Folder/Untitled Folder/Gt1.txt : [319, 27] ece first character found.
tests//t3/t/Untitled Folder/Untitled Folder/Untitled Folder/Gt1.txt : [330, 4] ece first character found.
tests//t3/t/Untitled Folder/Untitled Folder/Untitled Folder/Gt1.txt : [331, 44] ece first character found.
tests//t3/t/Untitled Folder/Untitled Folder/Untitled Folder/Gt1.txt : [335, 2] ece first character found.
tests//t3/t/Untitled Folder/Untitled Folder/Untitled Folder/Gt1.txt : [336, 38] ece first character found.
tests//t3/t/Untitled Folder/Untitled Folder/Untitled Folder/Gt1.txt : [340, 2] ece first character found.
tests//t3/t/Untitled Folder/Untitled Folder/Untitled Folder/Gt1.txt : [346, 35] ece first character found.
tests//t3/t/Untitled Folder/Untitled Folder/Untitled Folder/Gt1.txt : [350, 23] ece first character found.
tests//t3/t/Untitled Folder/Untitled Folder/Untitled Folder/Gt1.txt : [366, 19] ece first character found.
tests//t3/t/Untitled Folder/Untitled Folder/Untitled Folder/Gt1.txt : [692, 42] ece first character found.
tests//t3/t/Untitled Folder/Untitled Folder/Untitled Folder/Gt1.txt : [757, 48] ece first character found.
tests//t3/t/Untitled Folder/Untitled Folder/Untitled Folder/Gt1.txt : [766, 31] ece first character found.
tests//t3/t/Untitled Folder/Untitled Folder/Untitled Folder/Gt1.txt : [773, 17] ece first character found.
tests//t3/t/Untitled Folder/Untitled Folder/Untitled Folder/Gt1.txt : [780, 2] ece first character found.
tests//t3/t/Untitled Folder/Untitled Folder/Untitled Folder/Gt1.txt : [785, 24] ece first character found.
tests//t3/t/Untitled Folder/Untitled Folder/Untitled Folder/Gt1.txt : [848, 25] ece first character found.
tests//t3/t/Untitled Folder/Untitled Folder/Untitled Folder/Gt1.txt : [861, 28] ece first character found.
tests//t3/t/Untitled Folder/Untitled Folder/Untitled Folder/Gt1.txt : [882, 20] ece first character found.
tests//t3/t/Untitled Folder/Untitled Folder/Untitled Folder/Gt1.txt : [883, 41] ece first character found.
tests//t3/t/Untitled Folder/Untitled Folder/Untitled Folder/Gt1.txt : [914, 18] ece first character found.
tests//t3/t/Untitled Folder/Untitled Folder/Untitled Folder/Gt1.txt : [1036, 2] ece first character found.
tests//t3/t/Untitled Folder/Untitled Folder/Untitled Folder/Gt1.txt : [1088, 6] ece first character found.
tests//t3/t/Untitled Folder/Untitled Folder/Untitled Folder/Gt1.txt : [1121, 18] ece first character found.
tests//t3/t/Untitled Folder/Untitled Folder/Untitled Folder/Gt1.txt : [1132, 6] ece first character found.
tests//t3/t/Untitled Folder/Untitled Folder/Untitled Folder/Gt1.txt : [1160, 2] ece first character found.
tests//t3/t/Untitled Folder/Untitled Folder/Untitled Folder/Gt1.txt : [1161, 2] ece first character found.
tests//t3/t/Untitled Folder/Untitled Folder/tests//t2/t/Untitled Folder/Untitled Folder/Untitled Folder/Untitled Folder 3/Untitled Folder/Gt2.txt : [19, 18] ece first character found.
tests//t2/t/Untitled Folder/Untitled Folder/Untitled Folder/Untitled Folder 3/Untitled Folder/Gt2.txt : [30, 6] ece first character found.
tests//t2/t/Untitled Folder/Untitled Folder/Untitled Folder/Untitled Folder 3/Untitled Folder/Gt2.txt : [58, 2] ece first character found.
tests//t2/t/Untitled Folder/Untitled Folder/Untitled Folder/Untitled Folder 3/Untitled Folder/Gt2.txt : [59, 2] ece first character found.
tests//t2/t/Untitled Folder/Untitled Folder/Untitled Folder/Untitled Folder 3/Untitled Folder/Gt2.txt : [65, 12] ece first character found.
tests//t2/t/Untitled Folder/Untitled Folder/Untitled Folder/Untitled Folder 3/Untitled Folder/Gt2.txt : [82, 16] ece first character found.
tests//t2/t/Untitled Folder/Untitled Folder/Untitled Folder/Untitled Folder 3/Untitled Folder/Gt2.txt : [212, 6] ece first character found.
tests//t2/t/Untitled Folder/Untitled Folder/Untitled Folder/Untitled Folder 3/Untitled Folder/Gt2.txt : [215, 18] ece first character found.
tests//t2/t/Untitled Folder/Untitled Folder/Untitled Folder/Untitled Folder 3/Untitled Folder/Gt2.txt : [222, 20] ece first character found.
tests//t2/t/Untitled Folder/Untitled Folder/Untitled Folder/Untitled Folder 3/Untitled Folder/Gt2.txt : [236, 19] ece first character found.
tests//t2/t/Untitled Folder/Untitled Folder/Untitled Folder/Untitled Folder 3/Untitled Folder/Gt2.txt : [246, 10] ece first character found.
tests//t2/t/Untitled Folder/Untitled Folder/Untitled Folder/Untitled Folder 3/Untitled Folder/Gt2.txt : [315, 2] ece first character found.
tests//t2/t/Untitled Folder/Untitled Folder/Untitled Folder/Untitled Folder 3/Untitled Folder/Gt2.txt : [319, 27] ece first character found.
tests//t2/t/Untitled Folder/Untitled Folder/Untitled Folder/Untitled Folder 3/Untitled Folder/Gt2.txt : [330, 4] ece first character found.
tests//t2/t/Untitled Folder/Untitled Folder/Untitled Folder/Untitled Folder 3/Untitled Folder/Gt2.txt : [331, 44] ece first character found.
tests//t2/t/Untitled Folder/Untitled Folder/Untitled Folder/Untitled Folder 3/Untitled Folder/Gt2.txt : [335, 2] ece first character found.
tests//t2/t/Untitled Folder/Untitled Folder/Untitled Folder/Untitled Folder 3/Untitled Folder/Gt2.txt : [336, 38] ece first character found.
tests//t2/t/Untitled Folder/Untitled Folder/Untitled Folder/Untitled Folder 3/Untitled Folder/Gt2.txt : [340, 2] ece first character found.
tests//t2/t/Untitled Folder/Untitled Folder/Untitled Folder/Untitled Folder 3/Untitled Folder/Gt2.txt : [346, 35] ece first character found.
tests//t2/t/Untitled Folder/Untitled Folder/Untitled Folder/Untitled Folder 3/Untitled Folder/Gt2.txt : [350, 23] ece first character found.
tests//t2/t/Untitled Folder/Untitled Folder/Untitled Folder/Untitled Folder 3/Untitled Folder/Gt2.txt : [366, 19] ece first character found.
tests//t2/t/Untitled Folder/Untitled Folder/Untitled Folder/Untitled Folder 3/Untitled Folder/Gt2.txt : [692, 42] ece first character found.
tests//t2/t/Untitled Folder/Untitled Folder/Untitled Folder/Untitled Folder 3/Untitled Folder/Gt2.txt : [757, 48] ece first character found.
tests//t2/t/Untitled Folder/Untitled Folder/Untitled Folder/Untitled Folder 3/Untitled Folder/Gt2.txt : [766, 31] ece first character found.
tests//t2/t/Untitled Folder/Untitled Folder/Untitled Folder/Untitled Folder 3/Untitled Folder/Gt2.txt : [773, 17] ece first character found.
tests//t2/t/Untitled Folder/Untitled Folder/Untitled Folder/Untitled Folder 3/Untitled Folder/Gt2.txt : [780, 2] ece first character found.
tests//t2/t/Untitled Folder/Untitled Folder/Untitled Folder/Untitled Folder 3/Untitled Folder/Gt2.txt : [785, 24] ece first character found.
tests//t2/t/Untitled Folder/Untitled Folder/Untitled Folder/Untitled Folder 3/Untitled Folder/Gt2.txt : [848, 25] ece first character found.
tests//t2/t/Untitled Folder/Untitled Folder/Untitled Folder/Untitled Folder 3/Untitled Folder/Gt2.txt : [861, 28] ece first character found.
tests//t2/t/Untitled Folder/Untitled Folder/Untitled Folder/Untitled Folder 3/Untitled Folder/Gt2.txt : [882, 20] ece first character found.
tests//t2/t/Untitled Folder/Untitled Folder/Untitled Folder/Untitled Folder 3/Untitled Folder/Gt2.txt : [883, 41] ece first character found.
tests//t2/t/Untitled Folder/Untitled Folder/Untitled Folder/Untitled Folder 3/Untitled Folder/Gt2.txt : [914, 18] ece first character found.
tests//t2/t/Untitled Folder/Untitled Folder/Untitled Folder/Untitled Folder 3/Untitled Folder/Gt2.txt : [1036, 2] ece first character found.
tests//t2/t/Untitled Folder/Untitled Folder/Untitled Folder/Untitled Folder 3/Untitled Folder/Gt2.txt : [1088, 6] ece first character found.
tests//t2/t/Untitled Folder/Untitled Folder/Untitled Folder/Untitled Folder 3/Untitled Folder/Gt2.txt : [1121, 18] ece first character found.
tests//t2/t/Untitled Folder/Untitled Folder/Untitled Folder/Untitled Folder 3/Untitled Folder/Gt2.txt : [1132, 6] ece first character found.
tests//t2/t/Untitled Folder/Untitled Folder/Untitled Folder/Untitled Folder 3/Untitled Folder/Gt2.txt : [1160, 2] ece first character found.
tests//t2/t/Untitled Folder/Untitled Folder/Untitled Folder/Untitled Folder 3/Untitled Folder/Gt2.txt : [1161, 2] ece first character found.
tests//t2/t/Untitled Folder/Untitled Folder/Untitled Folder/Untitled Folder 3/Untitled Folder/Gt2.txt : [1167, 12] ece first character found.
tests//t2/t/Untitled Folder/Untitled Folder/Untitled Folder/Untitled Folder 3/Untitled Folder/Gt2.txt : [1184, 16] ece first character found.
tests//t2/t/Untitled Folder/Untitled Folder/Untitled Folder/Untitled Folder 3/Untitled Folder/Gt2.txt : [1314, 6] ece first character found.
tests//t2/t/Untitled Folder/Untitled Folder/Untitled Folder/Untitled Folder 3/Untitled Folder/Gt2.txt : [1317, 18] ece first character found.
tests//t2/t/Untitled Folder/Untitled Folder/Untitled Folder/Untitled Folder 3/Untitled Folder/Gt2.txt : [1324, 20] ece first character found.
tests//t2/t/Untitled Folder/Untitled Folder/Untitled Folder/Untitled Folder 3/Untitled Folder/Gt2.txt : [1338, 19] ece first character found.
tests//t2/t/Untitled Folder/Untitled Folder/Untitled Folder/Untitled Folder 3/Untitled Folder/Gt2.txt : [1348, 10] ece first character found.
tests//t2/t/Untitled Folder/Untitled Folder/Untitled Folder/Untitled Folder 3/Untitled Folder/Gt2.txt : [1417, 2] ece first character found.
tests//t2/t/Untitled Folder/Untitled Folder/Untitled Folder/Untitled Folder 3/Untitled Folder/Gt2.txt : [1421, 27] ece first character found.
tests//t2/t/Untitled Folder/Untitled Folder/Untitled Folder/Untitled Folder 3/Untitled Folder/Gt2.txt : [1432, 4] ece first character found.
tests//t2/t/Untitled Folder/Untitled Folder/Untitled Folder/Untitled Folder 3/Untitled Folder/Gt2.txt : [1433, 44] ece first character found.
tests//t2/t/Untitled Folder/Untitled Folder/Untitled Folder/Untitled Folder 3/Untitled Folder/Gt2.txt : [1437, 2] ece first character found.
tests//t2/t/Untitled Folder/Untitled Folder/Untitled Folder/Untitled Folder 3/Untitled Folder/Gt2.txt : [1438, 38] ece first character found.
tests//t2/t/Untitled Folder/Untitled Folder/Untitled Folder/Untitled Folder 3/Untitled Folder/Gt2.txt : [1442, 2] ece first character found.
tests//t2/t/Untitled Folder/Untitled Folder/Untitled Folder/Untitled Folder 3/Untitled Folder/Gt2.txt : [1448, 35] ece first character found.
tests//t2/t/Untitled Folder/Untitled Folder/Untitled Folder/Untitled Folder 3/Untitled Folder/Gt2.txt : [1452, 23] ece first character found.
tests//t2/t/Untitled Folder/Untitled Folder/Untitled Folder/Untitled Folder 3/Untitled Folder/Gt2.txt : [1468, 19] ece first character found.
tests//t2/t/Untitled Folder/Untitled Folder/Untitled Folder/Untitled Folder 3/Untitled Folder/Gt2.txt : [1794, 42] ece first character found.
tests//t2/t/Untitled Folder/Untitled Folder/Untitled Folder/Untitled Folder 3/Untitled Folder/Gt2.txt : [1859, 48] ece first character found.
tests//t2/t/Untitled Folder/Untitled Folder/Untitled Folder/Untitled Folder 3/Untitled Folder/Gt2.txt : [1868, 31] ece first character found.
tests//t2/t/Untitled Folder/Untitled Folder/Untitled Folder/Untitled Folder 3/Untitled Folder/Gt2.txt : [1875, 17] ece first character found.
tests//t2/t/Untitled Folder/Untitled Folder/Untitled Folder/Untitled Folder 3/Untitled Folder/Gt2.txt : [1882, 2] ece first character found.
tests//t2/t/Untitled Folder/Untitled Folder/Untitled Folder/Untitled Folder 3/Untitled Folder/Gt2.txt : [1887, 24] ece first character found.
tests//t2/t/Untitled Folder/Untitled Folder/Untitled Folder/Untitled Folder 3/Untitled Folder/Gt2.txt : [1950, 25] ece first character found.
tests//t2/t/Untitled Folder/Untitled Folder/Untitled Folder/Untitled Folder 3/Untitled Folder/Gt2.txt : [1963, 28] ece first character found.
tests//t2/t/Untitled Folder/Untitled Folder/Untitled Folder/Untitled Folder 3/Untitled Folder/Gt2.txt : [1984, 20] ece first character found.
tests//t2/t/Untitled Folder/Untitled Folder/Untitled Folder/Untitled Folder 3/Untitled Folder/Gt2.txt : [1985, 41] ece first character found.
tests//t2/t/Untitled Folder/Untitled Folder/Untitled Folder/Untitled Folder 3/Untitled Folder/Gt2.txt : [2016, 18] ece first character found.
tests//t2/t/Untitled Folder/Untitled Folder/Untitled Folder/Untitled Folder 3/Untitled Folder/Gt2.txt : [2138, 2] ece first character found.
tests//t2/t/Untitled Folder/Untitled Folder/Untitled Folder/Untitled Folder 3/Untitled Folder/Gt2.txt : [2190, 6] ece first character found.
Untitled Folder/Gt1.txt : [1167, 12] ece first character found.
tests//t2/t/Untitled Folder/Untitled Folder/Untitled Folder/Gt1.txt : [1184, 16] ece first character found.
tests//t2/t/Untitled Folder/Untitled Folder/Untitled Folder/Gt1.txt : [1314, 6] ece first character found.
tests//t2/t/Untitled Folder/Untitled Folder/Untitled Folder/Gt1.txt : [1317, 18] ece first character found.
tests//t2/t/Untitled Folder/Untitled Folder/Untitled Folder/Gt1.txt : [1324, 20] ece first character found.
tests//t2/t/Untitled Folder/Untitled Folder/Untitled Folder/Gt1.txt : [1338, 19] ece first character found.
tests//t2/t/Untitled Folder/Untitled Folder/Untitled Folder/Gt1.txt : [1348, 10] ece first character found.
tests//t2/t/Untitled Folder/Untitled Folder/Untitled Folder/Gt1.txt : [1417, 2] ece first character found.
tests//t2/t/Untitled Folder/Untitled Folder/Untitled Folder/Gt1.txt : [1421, 27] ece first character found.
tests//t2/t/Untitled Folder/Untitled Folder/Untitled Folder/Gt1.txt : [1432, 4] ece first character found.
tests//t2/t/Untitled Folder/Untitled Folder/Untitled Folder/Gt1.txt : [1433, 44] ece first character found.
tests//t2/t/Untitled Folder/Untitled Folder/Untitled Folder/Gt1.txt : [1437, 2] ece first character found.
tests//t2/t/Untitled Folder/Untitled Folder/Untitled Folder/Gt1.txt : [1438, 38] ece first character found.
tests//t2/t/Untitled Folder/Untitled Folder/Untitled Folder/Gt1.txt : [1442, 2] ece first character found.
tests//t2/t/Untitled Folder/Untitled Folder/Untitled Folder/Gt1.txt : [1448, 35] ece first character found.
tests//t2/t/Untitled Folder/Untitled Folder/Untitled Folder/Gt1.txt : [1452, 23] ece first character found.
tests//t2/t/Untitled Folder/Untitled Folder/Untitled Folder/Gt1.txt : [1468, 19] ece first character found.
tests//t2/t/Untitled Folder/Untitled Folder/Untitled Folder/Gt1.txt : [1794, 42] ece first character found.
tests//t2/t/Untitled Folder/Untitled Folder/Untitled Folder/Gt1.txt : [1859, 48] ece first character found.
tests//t2/t/Untitled Folder/Untitled Folder/Untitled Folder/Gt1.txt : [1868, 31] ece first character found.
tests//t2/t/Untitled Folder/Untitled Folder/Untitled Folder/Gt1.txt : [1875, 17] ece first character found.
tests//t2/t/Untitled Folder/Untitled Folder/Untitled Folder/Gt1.txt : [1882, 2] ece first character found.
tests//t2/t/Untitled Folder/Untitled Folder/Untitled Folder/Gt1.txt : [1887, 24] ece first character found.
tests//t2/t/Untitled Folder/Untitled Folder/Untitled Folder/Gt1.txt : [1950, 25] ece first character found.
tests//t2/t/Untitled Folder/Untitled Folder/Untitled Folder/Gt1.txt : [1963, 28] ece first character found.
tests//t2/t/Untitled Folder/Untitled Folder/Untitled Folder/Gt1.txt : [1984, 20] ece first character found.
tests//t2/t/Untitled Folder/Untitled Folder/Untitled Folder/Gt1.txt : [1985, 41] ece first character found.
tests//t2/t/Untitled Folder/Untitled Folder/Untitled Folder/Gt1.txt : [2016, 18] ece first character found.
tests//t2/t/Untitled Folder/Untitled Folder/Untitled Folder/Gt1.txt : [2138, 2] ece first character found.
tests//t2/t/Untitled Folder/Untitled Folder/Untitled Folder/Gt1.txt : [2190, 6] ece first character found.
tests//t3/t/Untitled Folder/Untitled Folder/Untitled Folder/Untitled Folder 3/Untitled Folder/Gt2.txt : [19, 18] ece first character found.
tests//t3/t/Untitled Folder/Untitled Folder/Untitled Folder/Untitled Folder 3/Untitled Folder/Gt2.txt : [30, 6] ece first character found.
tests//t3/t/Untitled Folder/Untitled Folder/Untitled Folder/Untitled Folder 3/Untitled Folder/Gt2.txt : [58, 2] ece first character found.
tests//t3/t/Untitled Folder/Untitled Folder/Untitled Folder/Untitled Folder 3/Untitled Folder/Gt2.txt : [59, 2] ece first character found.
tests//t3/t/Untitled Folder/Untitled Folder/Untitled Folder/Untitled Folder 3/Untitled Folder/Gt2.txt : [65, 12] ece first character found.
tests//t3/t/Untitled Folder/Untitled Folder/Untitled Folder/Untitled Folder 3/Untitled Folder/Gt2.txt : [82, 16] ece first character found.
tests//t3/t/Untitled Folder/Untitled Folder/Untitled Folder/Untitled Folder 3/Untitled Folder/Gt2.txt : [212, 6] ece first character found.
tests//t3/t/Untitled Folder/Untitled Folder/Untitled Folder/Untitled Folder 3/Untitled Folder/Gt2.txt : [215, 18] ece first character found.
tests//t3/t/Untitled Folder/Untitled Folder/Untitled Folder/Untitled Folder 3/Untitled Folder/Gt2.txt : [222, 20] ece first character found.
tests//t3/t/Untitled Folder/Untitled Folder/Untitled Folder/Untitled Folder 3/Untitled Folder/Gt2.txt : [236, 19] ece first character found.
tests//t3/t/Untitled Folder/Untitled Folder/Untitled Folder/Untitled Folder 3/Untitled Folder/Gt2.txt : [246, 10] ece first character found.
tests//t3/t/Untitled Folder/Untitled Folder/Untitled Folder/Untitled Folder 3/Untitled Folder/Gt2.txt : [315, 2] ece first character found.
tests//t3/t/Untitled Folder/Untitled Folder/Untitled Folder/Untitled Folder 3/Untitled Folder/Gt2.txt : [319, 27] ece first character found.
tests//t3/t/Untitled Folder/Untitled Folder/Untitled Folder/Untitled Folder 3/Untitled Folder/Gt2.txt : [330, 4] ece first character found.
tests//t3/t/Untitled Folder/Untitled Folder/Untitled Folder/Untitled Folder 3/Untitled Folder/Gt2.txt : [331, 44] ece first character found.
tests//t3/t/Untitled Folder/Untitled Folder/Untitled Folder/Untitled Folder 3/Untitled Folder/Gt2.txt : [335, 2] ece first character found.
tests//t3/t/Untitled Folder/Untitled Folder/Untitled Folder/Untitled Folder 3/Untitled Folder/Gt2.txt : [336, 38] ece first character found.
tests//t3/t/Untitled Folder/Untitled Folder/Untitled Folder/Untitled Folder 3/Untitled Folder/Gt2.txt : [340, 2] ece first character found.
tests//t3/t/Untitled Folder/Untitled Folder/Untitled Folder/Untitled Folder 3/Untitled Folder/Gt2.txt : [346, 35] ece first character found.
tests//t3/t/Untitled Folder/Untitled Folder/Untitled Folder/Untitled Folder 3/Untitled Folder/Gt2.txt : [350, 23] ece first character found.
tests//t3/t/Untitled Folder/Untitled Folder/Untitled Folder/Untitled Folder 3/Untitled Folder/Gt2.txt : [366, 19] ece first character found.
tests//t3/t/Untitled Folder/Untitled Folder/Untitled Folder/Untitled Folder 3/Untitled Folder/Gt2.txt : [692, 42] ece first character found.
tests//t3/t/Untitled Folder/Untitled Folder/Untitled Folder/Untitled Folder 3/Untitled Folder/Gt2.txt : [757, 48] ece first character found.
tests//t3/t/Untitled Folder/Untitled Folder/Untitled Folder/Untitled Folder 3/Untitled Folder/Gt2.txt : [766, 31] ece first character found.
tests//t3/t/Untitled Folder/Untitled Folder/Untitled Folder/Untitled Folder 3/Untitled Folder/Gt2.txt : [773, 17] ece first character found.
tests//t3/t/Untitled Folder/Untitled Folder/Untitled Folder/Untitled Folder 3/Untitled Folder/Gt2.txt : [780, 2] ece first character found.
tests//t3/t/Untitled Folder/Untitled Folder/Untitled Folder/Untitled Folder 3/Untitled Folder/Gt2.txt : [785, 24] ece first character found.
tests//t3/t/Untitled Folder/Untitled Folder/Untitled Folder/Untitled Folder 3/Untitled Folder/Gt2.txt : [848, 25] ece first character found.
tests//t3/t/Untitled Folder/Untitled Folder/Untitled Folder/Untitled Folder 3/Untitled Folder/Gt2.txt : [861, 28] ece first character found.
tests//t3/t/Untitled FUntitled Folder/Gt1.txt : [1167, 12] ece first character found.
tests//t3/t/Untitled Folder/Untitled Folder/Untitled Folder/Gt1.txt : [1184, 16] ece first character found.
tests//t3/t/Untitled Folder/Untitled Folder/Untitled Folder/Gt1.txt : [1314, 6] ece first character found.
tests//t3/t/Untitled Folder/Untitled Folder/Untitled Folder/Gt1.txt : [1317, 18] ece first character found.
tests//t3/t/Untitled Folder/Untitled Folder/Untitled Folder/Gt1.txt : [1324, 20] ece first character found.
tests//t3/t/Untitled Folder/Untitled Folder/Untitled Folder/Gt1.txt : [1338, 19] ece first character found.
tests//t3/t/Untitled Folder/Untitled Folder/Untitled Folder/Gt1.txt : [1348, 10] ece first character found.
tests//t3/t/Untitled Folder/Untitled Folder/Untitled Folder/Gt1.txt : [1417, 2] ece first character found.
tests//t3/t/Untitled Folder/Untitled Folder/Untitled Folder/Gt1.txt : [1421, 27] ece first character found.
tests//t3/t/Untitled Folder/Untitled Folder/Untitled Folder/Gt1.txt : [1432, 4] ece first character found.
tests//t3/t/Untitled Folder/Untitled Folder/Untitled Folder/Gt1.txt : [1433, 44] ece first character found.
tests//t3/t/Untitled Folder/Untitled Folder/Untitled Folder/Gt1.txt : [1437, 2] ece first character found.
tests//t3/t/Untitled Folder/Untitled Folder/Untitled Folder/Gt1.txt : [1438, 38] ece first character found.
tests//t3/t/Untitled Folder/Untitled Folder/Untitled Folder/Gt1.txt : [1442, 2] ece first character found.
tests//t3/t/Untitled Folder/Untitled Folder/Untitled Folder/Gt1.txt : [1448, 35] ece first character found.
tests//t3/t/Untitled Folder/Untitled Folder/Untitled Folder/Gt1.txt : [1452, 23] ece first character found.
tests//t3/t/Untitled Folder/Untitled Folder/Untitled Folder/Gt1.txt : [1468, 19] ece first character found.
tests//t3/t/Untitled Folder/Untitled Folder/Untitled Folder/Gt1.txt : [1794, 42] ece first character found.
tests//t3/t/Untitled Folder/Untitled Folder/Untitled Folder/Gt1.txt : [1859, 48] ece first character found.
tests//t3/t/Untitled Folder/Untitled Folder/Untitled Folder/Gt1.txt : [1868, 31] ece first character found.
tests//t3/t/Untitled Folder/Untitled Folder/Untitled Folder/Gt1.txt : [1875, 17] ece first character found.
tests//t3/t/Untitled Folder/Untitled Folder/Untitled Folder/Gt1.txt : [1882, 2] ece first character found.
tests//t3/t/Untitled Folder/Untitled Folder/Untitled Folder/Gt1.txt : [1887, 24] ece first character found.
tests//t3/t/Untitled Folder/Untitled Folder/Untitled Folder/Gt1.txt : [1950, 25] ece first character found.
tests//t3/t/Untitled Folder/Untitled Folder/Untitled Folder/Gt1.txt : [1963, 28] ece first character found.
tests//t3/t/Untitled Folder/Untitled Folder/Untitled Folder/Gt1.txt : [1984, 20] ece first character found.
tests//t3/t/Untitled Folder/Untitled Folder/Untitled Folder/Gt1.txt : [1985, 41] ece first character found.
tests//t3/t/Untitled Folder/Untitled Folder/Untitled Folder/Gt1.txt : [2016, 18] ece first character found.
tests//t3/t/Untitled Folder/Untitled Folder/Untitled Folder/Gt1.txt : [2138, 2] ece first character found.
tests//t3/t/Untitled Folder/Untitled Folder/Untitled Folder/Gt1.txt : [2190, 6] ece first character found.
older/Untitled Folder/Untitled Folder/Untitled Folder 3/Untitled Folder/Gt2.txt : [882, 20] ece first character found.
tests//t3/t/Untitled Folder/Untitled Folder/Untitled Folder/Untitled Folder 3/Untitled Folder/Gt2.txt : [883, 41] ece first character found.
tests//t3/t/Untitled Folder/Untitled Folder/Untitled Folder/Untitled Folder 3/Untitled Folder/Gt2.txt : [914, 18] ece first character found.
tests//t3/t/Untitled Folder/Untitled Folder/Untitled Folder/Untitled Folder 3/Untitled Folder/Gt2.txt : [1036, 2] ece first character found.
tests//t3/t/Untitled Folder/Untitled Folder/Untitled Folder/Untitled Folder 3/Untitled Folder/Gt2.txt : [1088, 6] ece first character found.
tests//t3/t/Untitled Folder/Untitled Folder/Untitled Folder/Untitled Folder 3/Untitled Folder/Gt2.txt : [1121, 18] ece first character found.
tests//t3/t/Untitled Folder/Untitled Folder/Untitled Folder/Untitled Folder 3/Untitled Folder/Gt2.txt : [1132, 6] ece first character found.
tests//t3/t/Untitled Folder/Untitled Folder/Untitled Folder/Untitled Folder 3/Untitled Folder/Gt2.txt : [1160, 2] ece first character found.
tests//t3/t/Untitled Folder/Untitled Folder/Untitled Folder/Untitled Folder 3/Untitled Folder/Gt2.txt : [1161, 2] ece first character found.
tests//t3/t/Untitled Folder/Untitled Folder/Untitled Folder/Untitled Folder 3/Untitled Folder/Gt2.txt : [1167, 12] ece first character found.
tests//t3/t/Untitled Folder/Untitled Folder/Untitled Folder/Untitled Folder 3/Untitled Folder/Gt2.txt : [1184, 16] ece first character found.
tests//t3/t/Untitled Folder/Untitled Folder/Untitled Folder/Untitled Folder 3/Untitled Folder/Gt2.txt : [1314, 6] ece first character found.
tests//t3/t/Untitled Folder/Untitled Folder/Untitled Folder/Untitled Folder 3/Untitled Folder/Gt2.txt : [1317, 18] ece first character found.
tests//t3/t/Untitled Folder/Untitled Folder/Untitled Folder/Untitled Folder 3/Untitled Folder/Gt2.txt : [1324, 20] ece first character found.
tests//t3/t/Untitled Folder/Untitled Folder/Untitled Folder/Untitled Folder 3/Untitled Folder/Gt2.txt : [1338, 19] ece first character found.
tests//t3/t/Untitled Folder/Untitled Folder/Untitled Folder/Untitled Folder 3/Untitled Folder/Gt2.txt : [1348, 10] ece first character found.
tests//t3/t/Untitled Folder/Untitled Folder/Untitled Folder/Untitled Folder 3/Untitled Folder/Gt2.txt : [1417, 2] ece first character found.
tests//t3/t/Untitled Folder/Untitled Folder/Untitled Folder/Untitled Folder 3/Untitled Folder/Gt2.txt : [1421, 27] ece first character found.
tests//t3/t/Untitled Folder/Untitled Folder/Untitled Folder/Untitled Folder 3/Untitled Folder/Gt2.txt : [1432, 4] ece first character found.
tests//t3/t/Untitled Folder/Untitled Folder/Untitled Folder/Untitled Folder 3/Untitled Folder/Gt2.txt : [1433, 44] ece first character found.
tests//t3/t/Untitled Folder/Untitled Folder/Untitled Folder/Untitled Folder 3/Untitled Folder/Gt2.txt : [1437, 2] ece first character found.
tests//t3/t/Untitled Folder/Untitled Folder/Untitled Folder/Untitled Folder 3/Untitled Folder/Gt2.txt : [1438, 38] ece first character found.
tests//t3/t/Untitled Folder/Untitled Folder/Untitled Folder/Untitled Folder 3/Untitled Folder/Gt2.txt : [1442, 2] ece first character found.
tests//t3/t/Untitled Folder/Untitled Folder/Untitled Folder/Untitled Folder 3/Untitled Folder/Gt2.txt : [1448, 35] ece first character found.
tests//t3/t/Untitled Folder/Untitled Folder/Untitled Folder/Untitled Folder 3/Untitled Folder/Gt2.txt : [1452, 23] ece first character found.
tests//t3/t/Untitled Folder/Untitled Folder/Untitled Folder/Untitled Folder 3/Untitled Folder/Gt2.txt : [1468, 19] ece first character found.
tests//t3/t/Untitled Folder/Untitled Folder/Untitled Folder/Untitled Folder 3/Untitled Folder/Gt2.txt : [1794, 42] ece first character found.
tests//t3/t/Untitled Folder/Untitled Folder/Untitled Folder/Untitled Folder 3/Untitled Folder/Gt2.txt : [1859, 48] ece first character found.
tests//t3/t/Untitled Folder/Untitled Folder/Untitled Folder/Untitled Folder 3/Untitled Folder/Gt2.txt : [1868, 31] ece first character found.
tests//t3/t/Untitled Folder/Untitled Folder/Untitled Folder/Untitled Folder 3/Untitled Folder/Gt2.txt : [1875, 17] ece first character found.
tests//t3/t/Untitled Folder/Untitled Folder/Untitled Folder/Untitled Folder 3/Untitled Folder/Gt2.txt : [1882, 2] ece first character found.
tests//t3/t/Untitled Folder/Untitled Folder/Untitled Folder/Untitled Folder 3/Untitled Folder/Gt2.txt : [1887, 24] ece first character found.
tests//t3/t/Untitled Folder/Untitled Folder/Untitled Folder/Untitled Folder 3/Untitled Folder/Gt2.txt : [1950, 25] ece first character found.
tests//t3/t/Untitled Folder/Untitled Folder/Untitled Folder/Untitled Folder 3/Untitled Folder/Gt2.txt : [1963, 28] ece first character found.
tests//t3/t/Untitled Folder/Untitled Folder/Untitled Folder/Untitled Folder 3/Untitled Folder/Gt2.txt : [1984, 20] ece first character found.
tests//t3/t/Untitled Folder/Untitled Folder/Untitled Folder/Untitled Folder 3/Untitled Folder/Gt2.txt : [1985, 41] ece first character found.
tests//t3/t/Untitled Folder/Untitled Folder/Untitled Folder/Untitled Folder 3/Untitled Folder/Gt2.txt : [2016, 18] ece first character found.
tests//t3/t/Untitled Folder/Untitled Folder/Untitled Folder/Untitled Folder 3/Untitled Folder/Gt2.txt : [2138, 2] ece first character found.
tests//t3/t/Untitled Folder/Untitled Folder/Untitled Folder/Untitled Folder 3/Untitled Folder/Gt2.txt : [2190, 6] ece first character found.
272 ece were found in total.
